Running: 9


===================================  [1;33mRunning TestCase 1[0m  ===================================
func begin main
t0 = 0
t1 = 0
a = t1
L0:
t2 = 10
t3 = a < t2
IF not t3 GoTo L1
t4 = a + 1
a = t4
refparam "H1"
refparam result
call printf, 1
GoTo L0:
L1:
L2:
t5 = 0
t6 = a > t5
IF not t6 GoTo L3
GoTo L2:
L3:
func end

Status: Parsing Complete - Valid
                                     SYMBOL TABLE
                               +++++++++++++++++++++++
    SYMBOL |           CLASS |       TYPE |      VALUE |    LINE NO |         NESTING | PARAMS COUNT |
++++++++++++++++++++++++++++++++++++++++++++++++++++++++++++++++++++++++++++++++++++++++++++++++++++
         a |      Identifier |        int |          0 |         10 |               * |         -1 |
       for |         Keyword |            |            |         11 |              ** |         -1 |
       int |         Keyword |            |            |          8 |              ** |         -1 |
      main |        Function |        int |            |          8 |              ** |          0 |
    printf |        Function |            |            |         13 |              ** |         -1 |
     while |         Keyword |            |            |         16 |              ** |         -1 |


               CONSTANT TABLE
           ++++++++++++++++++++++++++++++++
      NAME |            TYPE
+++++++++++++++++++++++++++++++++++++++++++++++++++++++++++++++++++++++++++++++++
      "H1" | String Constant
        10 | Number Constant
         0 | Number Constant


===================================  [1;33mRunning TestCase 2[0m  ===================================
func begin myfunc
func end

func begin main
refparam i
refparam n
Line 12: Number of arguments in function call doesn't match number of parameters )
Status: Parsing Failed - Invalid


===================================  [1;33mRunning TestCase 3[0m  ===================================
ERROR at line no. 5

Line 5: syntax error 
Status: Parsing Failed - Invalid


===================================  [1;33mRunning TestCase 4[0m  ===================================
func begin main
t0 = 5
L0:
t1 = 0
t2 = a > t1
IF not t2 GoTo L1
refparam "Hello world"
refparam result
call printf, 1
GoTo L0:
L1:
t3 = 4
a = t3
L2:
t4 = 0
t5 = a > t4
IF not t5 GoTo L3
refparam "%d"
refparam a
refparam result
call printf, 2
t6 = 4
b = t6
L4:
t7 = 0
t8 = b > t7
IF not t8 GoTo L5
refparam "%d"
refparam b
refparam result
call printf, 2
GoTo L4:
L5:
GoTo L2:
L3:
func end

Status: Parsing Complete - Valid
                                     SYMBOL TABLE
                               +++++++++++++++++++++++
    SYMBOL |           CLASS |       TYPE |      VALUE |    LINE NO |         NESTING | PARAMS COUNT |
++++++++++++++++++++++++++++++++++++++++++++++++++++++++++++++++++++++++++++++++++++++++++++++++++++
         a |      Identifier |        int |          0 |          5 |               * |         -1 |
         b |      Identifier |        int |          0 |         17 |               * |         -1 |
       int |         Keyword |            |            |          3 |              ** |         -1 |
      main |        Function |        int |            |          3 |              ** |          0 |
    printf |        Function |            |            |          8 |              ** |         -1 |
     while |         Keyword |            |            |          6 |              ** |         -1 |


               CONSTANT TABLE
           ++++++++++++++++++++++++++++++++
      NAME |            TYPE
+++++++++++++++++++++++++++++++++++++++++++++++++++++++++++++++++++++++++++++++++
"Hello world" | String Constant
      "%d" | String Constant
         0 | Number Constant
         4 | Number Constant
         5 | Number Constant


===================================  [1;33mRunning TestCase 5[0m  ===================================
func begin main
t0 = 2
refparam "%d"
refparam a
refparam result
call printf, 2
t1 = a + 1
a = t1
t2 = 4
t3 = 3
func end

Status: Parsing Complete - Valid
                                     SYMBOL TABLE
                               +++++++++++++++++++++++
    SYMBOL |           CLASS |       TYPE |      VALUE |    LINE NO |         NESTING | PARAMS COUNT |
++++++++++++++++++++++++++++++++++++++++++++++++++++++++++++++++++++++++++++++++++++++++++++++++++++
         a |      Identifier |        int |          2 |          5 |               * |         -1 |
         b |      Identifier |        int |          4 |          8 |               * |         -1 |
         c |      Identifier |        int |          3 |          9 |               * |         -1 |
       int |         Keyword |            |            |          3 |              ** |         -1 |
      main |        Function |        int |            |          3 |              ** |          0 |
    printf |        Function |            |            |          6 |              ** |         -1 |


               CONSTANT TABLE
           ++++++++++++++++++++++++++++++++
      NAME |            TYPE
+++++++++++++++++++++++++++++++++++++++++++++++++++++++++++++++++++++++++++++++++
      "%d" | String Constant
         2 | Number Constant
         3 | Number Constant
         4 | Number Constant


===================================  [1;33mRunning TestCase 6[0m  ===================================
func begin main
ERROR at line no. 6
@
Line 6: syntax error @
Status: Parsing Failed - Invalid


===================================  [1;33mRunning TestCase 7[0m  ===================================
func begin main
L0:
t0 = 10
t1 = a < t0
IF not t1 GoTo L1
t2 = 3
t3 = a < t2
IF not t3 GoTo L2
t4 = c < d
IF not t4 GoTo L3
t5 = 98
a = t5
GoTo L4
L3:
t6 = d * b
t7 = t6 + c
a = t7
L4:
GoTo L5
L2:
t8 = a + 1
a = t8
L5:
GoTo L0:
L1:
t9 = b + c
a = t9
func end

Status: Parsing Complete - Valid
                                     SYMBOL TABLE
                               +++++++++++++++++++++++
    SYMBOL |           CLASS |       TYPE |      VALUE |    LINE NO |         NESTING | PARAMS COUNT |
++++++++++++++++++++++++++++++++++++++++++++++++++++++++++++++++++++++++++++++++++++++++++++++++++++
         a |      Identifier |        int |         10 |          5 |               * |         -1 |
         b |      Identifier |        int |            |          5 |               * |         -1 |
         c |      Identifier |        int |            |          5 |               * |         -1 |
         d |      Identifier |        int |            |          5 |               * |         -1 |
        if |         Keyword |            |            |          8 |              ** |         -1 |
       int |         Keyword |            |            |          5 |              ** |         -1 |
      main |        Function |       void |            |          3 |              ** |          0 |
      else |         Keyword |            |            |         14 |              ** |         -1 |
     while |         Keyword |            |            |          6 |              ** |         -1 |
      void |         Keyword |            |            |          3 |              ** |         -1 |


               CONSTANT TABLE
           ++++++++++++++++++++++++++++++++
      NAME |            TYPE
+++++++++++++++++++++++++++++++++++++++++++++++++++++++++++++++++++++++++++++++++
        10 | Number Constant
        98 | Number Constant
         3 | Number Constant


===================================  [1;33mRunning TestCase 8[0m  ===================================
func begin main
t0 = 3
t1 = a < t0
IF not t1 GoTo L0
t2 = c < d
IF not t2 GoTo L1
t3 = 98
a = t3
GoTo L2
L1:
t4 = d * b
t5 = t4 + c
a = t5
L2:
GoTo L3
L0:
t6 = a + 1
a = t6
L3:
func end

Status: Parsing Complete - Valid
                                     SYMBOL TABLE
                               +++++++++++++++++++++++
    SYMBOL |           CLASS |       TYPE |      VALUE |    LINE NO |         NESTING | PARAMS COUNT |
++++++++++++++++++++++++++++++++++++++++++++++++++++++++++++++++++++++++++++++++++++++++++++++++++++
         a |      Identifier |        int |          3 |          5 |               * |         -1 |
         b |      Identifier |        int |            |          5 |               * |         -1 |
         c |      Identifier |        int |            |          5 |               * |         -1 |
         d |      Identifier |        int |            |          5 |               * |         -1 |
        if |         Keyword |            |            |         11 |              ** |         -1 |
       int |         Keyword |            |            |          5 |              ** |         -1 |
      main |        Function |       void |            |          3 |              ** |          0 |
      else |         Keyword |            |            |         17 |              ** |         -1 |
      void |         Keyword |            |            |          3 |              ** |         -1 |


               CONSTANT TABLE
           ++++++++++++++++++++++++++++++++
      NAME |            TYPE
+++++++++++++++++++++++++++++++++++++++++++++++++++++++++++++++++++++++++++++++++
        98 | Number Constant
         3 | Number Constant


===================================  [1;33mRunning TestCase 9[0m  ===================================
func begin myfunc
Line 6: Function is void ;
Status: Parsing Failed - Invalid
